<?xml version="1.0" encoding="UTF-8"?>
<testng-results ignored="0" total="14" passed="14" failed="0" skipped="0">
  <reporter-output>
  </reporter-output>
  <suite started-at="2024-02-27T12:52:30 IST" name="Default suite" finished-at="2024-02-27T12:56:52 IST" duration-ms="262288">
    <groups>
      <group name="cucumber">
        <method signature="AbstractTestNGCucumberTests.runScenario(io.cucumber.testng.PickleWrapper,io.cucumber.testng.FeatureWrapper)[pri:0, instance:com.interestAmount.testRunner.testNGRunner@4f32a3ad]" name="runScenario" class="io.cucumber.testng.AbstractTestNGCucumberTests"/>
      </group> <!-- cucumber -->
    </groups>
    <test started-at="2024-02-27T12:52:30 IST" name="Default test" finished-at="2024-02-27T12:56:52 IST" duration-ms="262288">
      <class name="com.interestAmount.testRunner.testNGRunner">
        <test-method is-config="true" signature="setUpClass(org.testng.ITestContext)[pri:0, instance:com.interestAmount.testRunner.testNGRunner@4f32a3ad]" started-at="2024-02-27T12:52:30 IST" name="setUpClass" finished-at="2024-02-27T12:52:40 IST" duration-ms="9728" status="PASS">
          <params>
            <param index="0">
              <value>
                <![CDATA[org.testng.TestRunner@726e780a]]>
              </value>
            </param>
          </params>
          <reporter-output>
          </reporter-output>
        </test-method> <!-- setUpClass -->
        <test-method signature="runScenario(io.cucumber.testng.PickleWrapper,io.cucumber.testng.FeatureWrapper)[pri:0, instance:com.interestAmount.testRunner.testNGRunner@4f32a3ad]" started-at="2024-02-27T12:52:40 IST" name="runScenario" description="Runs Cucumber Scenarios" data-provider="scenarios" finished-at="2024-02-27T12:53:17 IST" duration-ms="37313" status="PASS">
          <params>
            <param index="0">
              <value>
                <![CDATA["User calculate interest amount & principal amount in EMI in advance"]]>
              </value>
            </param>
            <param index="1">
              <value>
                <![CDATA["User navigates to EMICalculator"]]>
              </value>
            </param>
          </params>
          <reporter-output>
          </reporter-output>
        </test-method> <!-- runScenario -->
        <test-method signature="runScenario(io.cucumber.testng.PickleWrapper,io.cucumber.testng.FeatureWrapper)[pri:0, instance:com.interestAmount.testRunner.testNGRunner@4f32a3ad]" started-at="2024-02-27T12:53:17 IST" name="runScenario" description="Runs Cucumber Scenarios" data-provider="scenarios" finished-at="2024-02-27T12:53:22 IST" duration-ms="5184" status="PASS">
          <params>
            <param index="0">
              <value>
                <![CDATA["User calculate interest amount & principal amount in EMI in advance"]]>
              </value>
            </param>
            <param index="1">
              <value>
                <![CDATA["User navigates to EMICalculator"]]>
              </value>
            </param>
          </params>
          <reporter-output>
          </reporter-output>
        </test-method> <!-- runScenario -->
        <test-method signature="runScenario(io.cucumber.testng.PickleWrapper,io.cucumber.testng.FeatureWrapper)[pri:0, instance:com.interestAmount.testRunner.testNGRunner@4f32a3ad]" started-at="2024-02-27T12:53:22 IST" name="runScenario" description="Runs Cucumber Scenarios" data-provider="scenarios" finished-at="2024-02-27T12:53:32 IST" duration-ms="9754" status="PASS">
          <params>
            <param index="0">
              <value>
                <![CDATA["User calculate interest amount & principal amount in EMI in arrears"]]>
              </value>
            </param>
            <param index="1">
              <value>
                <![CDATA["User navigates to EMICalculator"]]>
              </value>
            </param>
          </params>
          <reporter-output>
          </reporter-output>
        </test-method> <!-- runScenario -->
        <test-method signature="runScenario(io.cucumber.testng.PickleWrapper,io.cucumber.testng.FeatureWrapper)[pri:0, instance:com.interestAmount.testRunner.testNGRunner@4f32a3ad]" started-at="2024-02-27T12:53:32 IST" name="runScenario" description="Runs Cucumber Scenarios" data-provider="scenarios" finished-at="2024-02-27T12:53:42 IST" duration-ms="9672" status="PASS">
          <params>
            <param index="0">
              <value>
                <![CDATA["User calculate interest amount & principal amount in EMI in arrears"]]>
              </value>
            </param>
            <param index="1">
              <value>
                <![CDATA["User navigates to EMICalculator"]]>
              </value>
            </param>
          </params>
          <reporter-output>
          </reporter-output>
        </test-method> <!-- runScenario -->
        <test-method signature="runScenario(io.cucumber.testng.PickleWrapper,io.cucumber.testng.FeatureWrapper)[pri:0, instance:com.interestAmount.testRunner.testNGRunner@4f32a3ad]" started-at="2024-02-27T12:53:42 IST" name="runScenario" description="Runs Cucumber Scenarios" data-provider="scenarios" finished-at="2024-02-27T12:54:42 IST" duration-ms="60729" status="PASS">
          <params>
            <param index="0">
              <value>
                <![CDATA["User enters home loan details"]]>
              </value>
            </param>
            <param index="1">
              <value>
                <![CDATA["Navigating to home loan EMI calculator portal"]]>
              </value>
            </param>
          </params>
          <reporter-output>
          </reporter-output>
        </test-method> <!-- runScenario -->
        <test-method signature="runScenario(io.cucumber.testng.PickleWrapper,io.cucumber.testng.FeatureWrapper)[pri:0, instance:com.interestAmount.testRunner.testNGRunner@4f32a3ad]" started-at="2024-02-27T12:54:42 IST" name="runScenario" description="Runs Cucumber Scenarios" data-provider="scenarios" finished-at="2024-02-27T12:55:17 IST" duration-ms="34709" status="PASS">
          <params>
            <param index="0">
              <value>
                <![CDATA["User enters home loan details"]]>
              </value>
            </param>
            <param index="1">
              <value>
                <![CDATA["Navigating to home loan EMI calculator portal"]]>
              </value>
            </param>
          </params>
          <reporter-output>
          </reporter-output>
        </test-method> <!-- runScenario -->
        <test-method signature="runScenario(io.cucumber.testng.PickleWrapper,io.cucumber.testng.FeatureWrapper)[pri:0, instance:com.interestAmount.testRunner.testNGRunner@4f32a3ad]" started-at="2024-02-27T12:55:17 IST" name="runScenario" description="Runs Cucumber Scenarios" data-provider="scenarios" finished-at="2024-02-27T12:55:55 IST" duration-ms="38232" status="PASS">
          <params>
            <param index="0">
              <value>
                <![CDATA["User validates EMI Calculator"]]>
              </value>
            </param>
            <param index="1">
              <value>
                <![CDATA["User navigates to loan calculator"]]>
              </value>
            </param>
          </params>
          <reporter-output>
          </reporter-output>
        </test-method> <!-- runScenario -->
        <test-method signature="runScenario(io.cucumber.testng.PickleWrapper,io.cucumber.testng.FeatureWrapper)[pri:0, instance:com.interestAmount.testRunner.testNGRunner@4f32a3ad]" started-at="2024-02-27T12:55:55 IST" name="runScenario" description="Runs Cucumber Scenarios" data-provider="scenarios" finished-at="2024-02-27T12:56:17 IST" duration-ms="21459" status="PASS">
          <params>
            <param index="0">
              <value>
                <![CDATA["User validates EMI Calculator"]]>
              </value>
            </param>
            <param index="1">
              <value>
                <![CDATA["User navigates to loan calculator"]]>
              </value>
            </param>
          </params>
          <reporter-output>
          </reporter-output>
        </test-method> <!-- runScenario -->
        <test-method signature="runScenario(io.cucumber.testng.PickleWrapper,io.cucumber.testng.FeatureWrapper)[pri:0, instance:com.interestAmount.testRunner.testNGRunner@4f32a3ad]" started-at="2024-02-27T12:56:17 IST" name="runScenario" description="Runs Cucumber Scenarios" data-provider="scenarios" finished-at="2024-02-27T12:56:22 IST" duration-ms="5539" status="PASS">
          <params>
            <param index="0">
              <value>
                <![CDATA["User validates loan amount calculator"]]>
              </value>
            </param>
            <param index="1">
              <value>
                <![CDATA["User navigates to loan calculator"]]>
              </value>
            </param>
          </params>
          <reporter-output>
          </reporter-output>
        </test-method> <!-- runScenario -->
        <test-method signature="runScenario(io.cucumber.testng.PickleWrapper,io.cucumber.testng.FeatureWrapper)[pri:0, instance:com.interestAmount.testRunner.testNGRunner@4f32a3ad]" started-at="2024-02-27T12:56:22 IST" name="runScenario" description="Runs Cucumber Scenarios" data-provider="scenarios" finished-at="2024-02-27T12:56:28 IST" duration-ms="5397" status="PASS">
          <params>
            <param index="0">
              <value>
                <![CDATA["User validates loan amount calculator"]]>
              </value>
            </param>
            <param index="1">
              <value>
                <![CDATA["User navigates to loan calculator"]]>
              </value>
            </param>
          </params>
          <reporter-output>
          </reporter-output>
        </test-method> <!-- runScenario -->
        <test-method signature="runScenario(io.cucumber.testng.PickleWrapper,io.cucumber.testng.FeatureWrapper)[pri:0, instance:com.interestAmount.testRunner.testNGRunner@4f32a3ad]" started-at="2024-02-27T12:56:28 IST" name="runScenario" description="Runs Cucumber Scenarios" data-provider="scenarios" finished-at="2024-02-27T12:56:33 IST" duration-ms="5135" status="PASS">
          <params>
            <param index="0">
              <value>
                <![CDATA["User validates loan tenure calculator"]]>
              </value>
            </param>
            <param index="1">
              <value>
                <![CDATA["User navigates to loan calculator"]]>
              </value>
            </param>
          </params>
          <reporter-output>
          </reporter-output>
        </test-method> <!-- runScenario -->
        <test-method signature="runScenario(io.cucumber.testng.PickleWrapper,io.cucumber.testng.FeatureWrapper)[pri:0, instance:com.interestAmount.testRunner.testNGRunner@4f32a3ad]" started-at="2024-02-27T12:56:33 IST" name="runScenario" description="Runs Cucumber Scenarios" data-provider="scenarios" finished-at="2024-02-27T12:56:38 IST" duration-ms="5137" status="PASS">
          <params>
            <param index="0">
              <value>
                <![CDATA["User validates loan tenure calculator"]]>
              </value>
            </param>
            <param index="1">
              <value>
                <![CDATA["User navigates to loan calculator"]]>
              </value>
            </param>
          </params>
          <reporter-output>
          </reporter-output>
        </test-method> <!-- runScenario -->
        <test-method signature="runScenario(io.cucumber.testng.PickleWrapper,io.cucumber.testng.FeatureWrapper)[pri:0, instance:com.interestAmount.testRunner.testNGRunner@4f32a3ad]" started-at="2024-02-27T12:56:38 IST" name="runScenario" description="Runs Cucumber Scenarios" data-provider="scenarios" finished-at="2024-02-27T12:56:44 IST" duration-ms="5858" status="PASS">
          <params>
            <param index="0">
              <value>
                <![CDATA["User validates interest rate calculator"]]>
              </value>
            </param>
            <param index="1">
              <value>
                <![CDATA["User navigates to loan calculator"]]>
              </value>
            </param>
          </params>
          <reporter-output>
          </reporter-output>
        </test-method> <!-- runScenario -->
        <test-method signature="runScenario(io.cucumber.testng.PickleWrapper,io.cucumber.testng.FeatureWrapper)[pri:0, instance:com.interestAmount.testRunner.testNGRunner@4f32a3ad]" started-at="2024-02-27T12:56:44 IST" name="runScenario" description="Runs Cucumber Scenarios" data-provider="scenarios" finished-at="2024-02-27T12:56:49 IST" duration-ms="5304" status="PASS">
          <params>
            <param index="0">
              <value>
                <![CDATA["User validates interest rate calculator"]]>
              </value>
            </param>
            <param index="1">
              <value>
                <![CDATA["User navigates to loan calculator"]]>
              </value>
            </param>
          </params>
          <reporter-output>
          </reporter-output>
        </test-method> <!-- runScenario -->
        <test-method is-config="true" signature="tearDownClass()[pri:0, instance:com.interestAmount.testRunner.testNGRunner@4f32a3ad]" started-at="2024-02-27T12:56:49 IST" name="tearDownClass" finished-at="2024-02-27T12:56:52 IST" duration-ms="2984" status="PASS">
          <reporter-output>
          </reporter-output>
        </test-method> <!-- tearDownClass -->
      </class> <!-- com.interestAmount.testRunner.testNGRunner -->
    </test> <!-- Default test -->
  </suite> <!-- Default suite -->
</testng-results>
